<?xml version="1.0" encoding="UTF-8"?>
<!-- Generated by org.testng.reporters.JUnitReportReporter -->
<testsuite skipped="0" hostname="OMI" name="com.w2a.architectbatch1.testCases.testCase5" tests="3" failures="0" timestamp="26 Nov 2017 14:28:42 GMT" time="0.986" errors="0">
  <testcase name="tc_06" time="0.676" classname="com.w2a.architectbatch1.testCases.testCase5"/>
  <testcase name="tc_06" time="0.193" classname="com.w2a.architectbatch1.testCases.testCase5"/>
  <testcase name="tc_06" time="0.117" classname="com.w2a.architectbatch1.testCases.testCase5"/>
</testsuite> <!-- com.w2a.architectbatch1.testCases.testCase5 -->
