<?xml version="1.0" encoding="UTF-8"?>
<!-- Generated by org.testng.reporters.JUnitReportReporter -->
<testsuite skipped="0" hostname="OMI" name="com.w2a.architectbatch1.testCases.testCase4" tests="4" failures="0" timestamp="26 Nov 2017 14:28:42 GMT" time="1.041" errors="0">
  <testcase name="tc_04" time="0.136" classname="com.w2a.architectbatch1.testCases.testCase4"/>
  <testcase name="tc_05" time="0.071" classname="com.w2a.architectbatch1.testCases.testCase4"/>
  <testcase name="tc_04" time="0.183" classname="com.w2a.architectbatch1.testCases.testCase4"/>
  <testcase name="tc_05" time="0.651" classname="com.w2a.architectbatch1.testCases.testCase4"/>
</testsuite> <!-- com.w2a.architectbatch1.testCases.testCase4 -->
