<?xml version="1.0" encoding="UTF-8"?>
<!-- Generated by org.testng.reporters.JUnitReportReporter -->
<testsuite skipped="0" hostname="OMI" name="com.w2a.architectbatch1.testCases.TC03" tests="1" failures="0" timestamp="17 Nov 2017 15:56:31 GMT" time="36.215" errors="0">
  <testcase name="TC03" time="36.215" classname="com.w2a.architectbatch1.testCases.TC03"/>
</testsuite> <!-- com.w2a.architectbatch1.testCases.TC03 -->
