<?xml version="1.0" encoding="UTF-8"?>
<!-- Generated by org.testng.reporters.JUnitReportReporter -->
<testsuite skipped="1" hostname="OMI" name="com.w2a.architectbatch1.testCases.TestCase1" tests="1" failures="0" timestamp="26 Nov 2017 14:31:14 GMT" time="0.000" errors="0">
  <testcase name="tc_02" time="0.000" classname="com.w2a.architectbatch1.testCases.TestCase1">
    <skipped/>
  </testcase> <!-- tc_02 -->
</testsuite> <!-- com.w2a.architectbatch1.testCases.TestCase1 -->
